  main.cpp
C:\Program Files\Microsoft Visual Studio\2022\Community\VC\Tools\MSVC\14.38.33130\include\thread(60,14): error C2672: 'invoke': no matching overloaded function found
  (compiling source file '../main.cpp')
  C:\Program Files\Microsoft Visual Studio\2022\Community\VC\Tools\MSVC\14.38.33130\include\type_traits(1735,19):
  could be 'unknown-type std::invoke(_Callable &&,_Ty1 &&,_Types2 &&...) noexcept(<expr>)'
  	C:\Program Files\Microsoft Visual Studio\2022\Community\VC\Tools\MSVC\14.38.33130\include\thread(60,14):
  	Failed to specialize function template 'unknown-type std::invoke(_Callable &&,_Ty1 &&,_Types2 &&...) noexcept(<expr>)'
  		C:\Program Files\Microsoft Visual Studio\2022\Community\VC\Tools\MSVC\14.38.33130\include\thread(60,14):
  		With the following template arguments:
  			C:\Program Files\Microsoft Visual Studio\2022\Community\VC\Tools\MSVC\14.38.33130\include\thread(60,14):
  			'_Callable=void (__cdecl *)(std::queue<int,std::deque<int,std::allocator<int>>> &)'
  			C:\Program Files\Microsoft Visual Studio\2022\Community\VC\Tools\MSVC\14.38.33130\include\thread(60,14):
  			'_Ty1=std::queue<int,std::deque<int,std::allocator<int>>>'
  			C:\Program Files\Microsoft Visual Studio\2022\Community\VC\Tools\MSVC\14.38.33130\include\thread(60,14):
  			'_Types2={}'
  		C:\Program Files\Microsoft Visual Studio\2022\Community\VC\Tools\MSVC\14.38.33130\include\type_traits(1738,50):
  		'std::_Invoker_functor::_Call': no matching overloaded function found
  			C:\Program Files\Microsoft Visual Studio\2022\Community\VC\Tools\MSVC\14.38.33130\include\type_traits(1635,27):
  			could be 'unknown-type std::_Invoker_functor::_Call(_Callable &&,_Types &&...) noexcept(<expr>)'
  C:\Program Files\Microsoft Visual Studio\2022\Community\VC\Tools\MSVC\14.38.33130\include\type_traits(1729,19):
  or       'unknown-type std::invoke(_Callable &&) noexcept(<expr>)'
  	C:\Program Files\Microsoft Visual Studio\2022\Community\VC\Tools\MSVC\14.38.33130\include\thread(60,14):
  	'unknown-type std::invoke(_Callable &&) noexcept(<expr>)': expects 1 arguments - 2 provided
  C:\Program Files\Microsoft Visual Studio\2022\Community\VC\Tools\MSVC\14.38.33130\include\thread(60,14):
  the template instantiation context (the oldest one first) is
  	C:\Users\domma\OneDrive - The Pennsylvania State University\Documents\Classes\AERSP 424\Note 3_21\main.cpp(157,17):
  	see reference to function template instantiation 'std::jthread::jthread<void(__cdecl &)(std::queue<int,std::deque<int,std::allocator<int>>> &),std::queue<int,std::deque<int,std::allocator<int>>>&,0>(_Fn,std::queue<int,std::deque<int,std::allocator<int>>> &)' being compiled
          with
          [
              _Fn=void (__cdecl &)(std::queue<int,std::deque<int,std::allocator<int>>> &)
          ]
  	C:\Program Files\Microsoft Visual Studio\2022\Community\VC\Tools\MSVC\14.38.33130\include\thread(341,18):
  	see reference to function template instantiation 'void std::thread::_Start<void(__cdecl &)(std::queue<int,std::deque<int,std::allocator<int>>> &),std::queue<int,std::deque<int,std::allocator<int>>>&>(_Fn,std::queue<int,std::deque<int,std::allocator<int>>> &)' being compiled
          with
          [
              _Fn=void (__cdecl &)(std::queue<int,std::deque<int,std::allocator<int>>> &)
          ]
  	C:\Program Files\Microsoft Visual Studio\2022\Community\VC\Tools\MSVC\14.38.33130\include\thread(76,40):
  	see reference to function template instantiation 'unsigned int (__cdecl *std::thread::_Get_invoke<_Tuple,0,1>(std::integer_sequence<size_t,0,1>) noexcept)(void *) noexcept' being compiled
  	C:\Program Files\Microsoft Visual Studio\2022\Community\VC\Tools\MSVC\14.38.33130\include\thread(67,17):
  	see reference to function template instantiation 'unsigned int std::thread::_Invoke<_Tuple,0,1>(void *) noexcept' being compiled
  
