  participation_3_12.cpp
C:\Users\domma\OneDrive - The Pennsylvania State University\Documents\Classes\AERSP 424\Note 3_12\participation_3_12.cpp(26,25): error C2676: binary '+': 'std::chrono::steady_clock::time_point' does not define this operator or a conversion to a type acceptable to the predefined operator
  C:\Program Files\Microsoft Visual Studio\2022\Community\VC\Tools\MSVC\14.38.33130\include\xutility(1782,50):
  could be 'std::reverse_iterator<_BidIt> std::operator +(reverse_iterator<_BidIt>::difference_type,const std::reverse_iterator<_BidIt> &) noexcept(<expr>)'
  	C:\Users\domma\OneDrive - The Pennsylvania State University\Documents\Classes\AERSP 424\Note 3_12\participation_3_12.cpp(26,15):
  	'std::reverse_iterator<_BidIt> std::operator +(reverse_iterator<_BidIt>::difference_type,const std::reverse_iterator<_BidIt> &) noexcept(<expr>)': could not deduce template argument for 'const std::reverse_iterator<_BidIt> &' from 'int'
  C:\Program Files\Microsoft Visual Studio\2022\Community\VC\Tools\MSVC\14.38.33130\include\xutility(4334,5):
  or       'std::move_iterator<_Iter> std::operator +(move_iterator<_Iter>::difference_type,const std::move_iterator<_Iter> &) noexcept(<expr>)'
  	C:\Users\domma\OneDrive - The Pennsylvania State University\Documents\Classes\AERSP 424\Note 3_12\participation_3_12.cpp(26,15):
  	'std::move_iterator<_Iter> std::operator +(move_iterator<_Iter>::difference_type,const std::move_iterator<_Iter> &) noexcept(<expr>)': could not deduce template argument for 'const std::move_iterator<_Iter> &' from 'int'
  C:\Program Files\Microsoft Visual Studio\2022\Community\VC\Tools\MSVC\14.38.33130\include\xstring(4907,62):
  or       'std::basic_string<_Elem,_Traits,_Alloc> std::operator +(const std::basic_string<_Elem,_Traits,_Alloc> &,const std::basic_string<_Elem,_Traits,_Alloc> &)'
  	C:\Users\domma\OneDrive - The Pennsylvania State University\Documents\Classes\AERSP 424\Note 3_12\participation_3_12.cpp(26,15):
  	'std::basic_string<_Elem,_Traits,_Alloc> std::operator +(const std::basic_string<_Elem,_Traits,_Alloc> &,const std::basic_string<_Elem,_Traits,_Alloc> &)': could not deduce template argument for 'const std::basic_string<_Elem,_Traits,_Alloc> &' from 'std::chrono::steady_clock::time_point'
  C:\Program Files\Microsoft Visual Studio\2022\Community\VC\Tools\MSVC\14.38.33130\include\xstring(4919,62):
  or       'std::basic_string<_Elem,_Traits,_Alloc> std::operator +(const _Elem *const ,const std::basic_string<_Elem,_Traits,_Alloc> &)'
  	C:\Users\domma\OneDrive - The Pennsylvania State University\Documents\Classes\AERSP 424\Note 3_12\participation_3_12.cpp(26,15):
  	'std::basic_string<_Elem,_Traits,_Alloc> std::operator +(const _Elem *const ,const std::basic_string<_Elem,_Traits,_Alloc> &)': could not deduce template argument for 'const _Elem *const ' from 'std::chrono::steady_clock::time_point'
  C:\Program Files\Microsoft Visual Studio\2022\Community\VC\Tools\MSVC\14.38.33130\include\xstring(4932,62):
  or       'std::basic_string<_Elem,_Traits,_Alloc> std::operator +(const _Elem,const std::basic_string<_Elem,_Traits,_Alloc> &)'
  	C:\Users\domma\OneDrive - The Pennsylvania State University\Documents\Classes\AERSP 424\Note 3_12\participation_3_12.cpp(26,15):
  	'std::basic_string<_Elem,_Traits,_Alloc> std::operator +(const _Elem,const std::basic_string<_Elem,_Traits,_Alloc> &)': could not deduce template argument for 'const std::basic_string<_Elem,_Traits,_Alloc> &' from 'int'
  C:\Program Files\Microsoft Visual Studio\2022\Community\VC\Tools\MSVC\14.38.33130\include\xstring(4943,62):
  or       'std::basic_string<_Elem,_Traits,_Alloc> std::operator +(const std::basic_string<_Elem,_Traits,_Alloc> &,const _Elem *const )'
  	C:\Users\domma\OneDrive - The Pennsylvania State University\Documents\Classes\AERSP 424\Note 3_12\participation_3_12.cpp(26,15):
  	'std::basic_string<_Elem,_Traits,_Alloc> std::operator +(const std::basic_string<_Elem,_Traits,_Alloc> &,const _Elem *const )': could not deduce template argument for 'const std::basic_string<_Elem,_Traits,_Alloc> &' from 'std::chrono::steady_clock::time_point'
  C:\Program Files\Microsoft Visual Studio\2022\Community\VC\Tools\MSVC\14.38.33130\include\xstring(4956,62):
  or       'std::basic_string<_Elem,_Traits,_Alloc> std::operator +(const std::basic_string<_Elem,_Traits,_Alloc> &,const _Elem)'
  	C:\Users\domma\OneDrive - The Pennsylvania State University\Documents\Classes\AERSP 424\Note 3_12\participation_3_12.cpp(26,15):
  	'std::basic_string<_Elem,_Traits,_Alloc> std::operator +(const std::basic_string<_Elem,_Traits,_Alloc> &,const _Elem)': could not deduce template argument for 'const std::basic_string<_Elem,_Traits,_Alloc> &' from 'std::chrono::steady_clock::time_point'
  C:\Program Files\Microsoft Visual Studio\2022\Community\VC\Tools\MSVC\14.38.33130\include\xstring(4967,62):
  or       'std::basic_string<_Elem,_Traits,_Alloc> std::operator +(const std::basic_string<_Elem,_Traits,_Alloc> &,std::basic_string<_Elem,_Traits,_Alloc> &&)'
  	C:\Users\domma\OneDrive - The Pennsylvania State University\Documents\Classes\AERSP 424\Note 3_12\participation_3_12.cpp(26,15):
  	'std::basic_string<_Elem,_Traits,_Alloc> std::operator +(const std::basic_string<_Elem,_Traits,_Alloc> &,std::basic_string<_Elem,_Traits,_Alloc> &&)': could not deduce template argument for 'const std::basic_string<_Elem,_Traits,_Alloc> &' from 'std::chrono::steady_clock::time_point'
  C:\Program Files\Microsoft Visual Studio\2022\Community\VC\Tools\MSVC\14.38.33130\include\xstring(4973,62):
  or       'std::basic_string<_Elem,_Traits,_Alloc> std::operator +(std::basic_string<_Elem,_Traits,_Alloc> &&,const std::basic_string<_Elem,_Traits,_Alloc> &)'
  	C:\Users\domma\OneDrive - The Pennsylvania State University\Documents\Classes\AERSP 424\Note 3_12\participation_3_12.cpp(26,15):
  	'std::basic_string<_Elem,_Traits,_Alloc> std::operator +(std::basic_string<_Elem,_Traits,_Alloc> &&,const std::basic_string<_Elem,_Traits,_Alloc> &)': could not deduce template argument for 'std::basic_string<_Elem,_Traits,_Alloc> &&' from 'std::chrono::steady_clock::time_point'
  C:\Program Files\Microsoft Visual Studio\2022\Community\VC\Tools\MSVC\14.38.33130\include\xstring(4979,62):
  or       'std::basic_string<_Elem,_Traits,_Alloc> std::operator +(std::basic_string<_Elem,_Traits,_Alloc> &&,std::basic_string<_Elem,_Traits,_Alloc> &&)'
  	C:\Users\domma\OneDrive - The Pennsylvania State University\Documents\Classes\AERSP 424\Note 3_12\participation_3_12.cpp(26,15):
  	'std::basic_string<_Elem,_Traits,_Alloc> std::operator +(std::basic_string<_Elem,_Traits,_Alloc> &&,std::basic_string<_Elem,_Traits,_Alloc> &&)': could not deduce template argument for 'std::basic_string<_Elem,_Traits,_Alloc> &&' from 'std::chrono::steady_clock::time_point'
  C:\Program Files\Microsoft Visual Studio\2022\Community\VC\Tools\MSVC\14.38.33130\include\xstring(4992,62):
  or       'std::basic_string<_Elem,_Traits,_Alloc> std::operator +(const _Elem *const ,std::basic_string<_Elem,_Traits,_Alloc> &&)'
  	C:\Users\domma\OneDrive - The Pennsylvania State University\Documents\Classes\AERSP 424\Note 3_12\participation_3_12.cpp(26,15):
  	'std::basic_string<_Elem,_Traits,_Alloc> std::operator +(const _Elem *const ,std::basic_string<_Elem,_Traits,_Alloc> &&)': could not deduce template argument for 'const _Elem *const ' from 'std::chrono::steady_clock::time_point'
  C:\Program Files\Microsoft Visual Studio\2022\Community\VC\Tools\MSVC\14.38.33130\include\xstring(4998,62):
  or       'std::basic_string<_Elem,_Traits,_Alloc> std::operator +(const _Elem,std::basic_string<_Elem,_Traits,_Alloc> &&)'
  	C:\Users\domma\OneDrive - The Pennsylvania State University\Documents\Classes\AERSP 424\Note 3_12\participation_3_12.cpp(26,15):
  	'std::basic_string<_Elem,_Traits,_Alloc> std::operator +(const _Elem,std::basic_string<_Elem,_Traits,_Alloc> &&)': could not deduce template argument for 'std::basic_string<_Elem,_Traits,_Alloc> &&' from 'int'
  C:\Program Files\Microsoft Visual Studio\2022\Community\VC\Tools\MSVC\14.38.33130\include\xstring(5004,62):
  or       'std::basic_string<_Elem,_Traits,_Alloc> std::operator +(std::basic_string<_Elem,_Traits,_Alloc> &&,const _Elem *const )'
  	C:\Users\domma\OneDrive - The Pennsylvania State University\Documents\Classes\AERSP 424\Note 3_12\participation_3_12.cpp(26,15):
  	'std::basic_string<_Elem,_Traits,_Alloc> std::operator +(std::basic_string<_Elem,_Traits,_Alloc> &&,const _Elem *const )': could not deduce template argument for 'std::basic_string<_Elem,_Traits,_Alloc> &&' from 'std::chrono::steady_clock::time_point'
  C:\Program Files\Microsoft Visual Studio\2022\Community\VC\Tools\MSVC\14.38.33130\include\xstring(5010,62):
  or       'std::basic_string<_Elem,_Traits,_Alloc> std::operator +(std::basic_string<_Elem,_Traits,_Alloc> &&,const _Elem)'
  	C:\Users\domma\OneDrive - The Pennsylvania State University\Documents\Classes\AERSP 424\Note 3_12\participation_3_12.cpp(26,15):
  	'std::basic_string<_Elem,_Traits,_Alloc> std::operator +(std::basic_string<_Elem,_Traits,_Alloc> &&,const _Elem)': could not deduce template argument for 'std::basic_string<_Elem,_Traits,_Alloc> &&' from 'std::chrono::steady_clock::time_point'
  C:\Program Files\Microsoft Visual Studio\2022\Community\VC\Tools\MSVC\14.38.33130\include\__msvc_chrono.hpp(280,9):
  or       'common_type<std::chrono::duration<_Rep,_Period>,std::chrono::duration<_Rep2,_Period2>>::type std::chrono::operator +(const std::chrono::duration<_Rep,_Period> &,const std::chrono::duration<_Rep2,_Period2> &) noexcept(<expr>)'
  	C:\Users\domma\OneDrive - The Pennsylvania State University\Documents\Classes\AERSP 424\Note 3_12\participation_3_12.cpp(26,15):
  	'common_type<std::chrono::duration<_Rep,_Period>,std::chrono::duration<_Rep2,_Period2>>::type std::chrono::operator +(const std::chrono::duration<_Rep,_Period> &,const std::chrono::duration<_Rep2,_Period2> &) noexcept(<expr>)': could not deduce template argument for 'const std::chrono::duration<_Rep,_Period> &' from 'std::chrono::steady_clock::time_point'
  C:\Program Files\Microsoft Visual Studio\2022\Community\VC\Tools\MSVC\14.38.33130\include\__msvc_chrono.hpp(524,9):
  or       'std::chrono::time_point<_Clock,common_type<_Duration,std::chrono::duration<_Rep2,_Period2>>::type> std::chrono::operator +(const std::chrono::time_point<_Clock,_Duration> &,const std::chrono::duration<_Rep2,_Period2> &) noexcept(<expr>)'
  	C:\Users\domma\OneDrive - The Pennsylvania State University\Documents\Classes\AERSP 424\Note 3_12\participation_3_12.cpp(26,15):
  	'std::chrono::time_point<_Clock,common_type<_Duration,std::chrono::duration<_Rep2,_Period2>>::type> std::chrono::operator +(const std::chrono::time_point<_Clock,_Duration> &,const std::chrono::duration<_Rep2,_Period2> &) noexcept(<expr>)': could not deduce template argument for 'const std::chrono::duration<_Rep2,_Period2> &' from 'int'
  C:\Program Files\Microsoft Visual Studio\2022\Community\VC\Tools\MSVC\14.38.33130\include\__msvc_chrono.hpp(532,9):
  or       'std::chrono::time_point<_Clock,common_type<std::chrono::duration<_Rep,_Period>,_Duration>::type> std::chrono::operator +(const std::chrono::duration<_Rep,_Period> &,const std::chrono::time_point<_Clock,_Duration> &) noexcept(<expr>)'
  	C:\Users\domma\OneDrive - The Pennsylvania State University\Documents\Classes\AERSP 424\Note 3_12\participation_3_12.cpp(26,15):
  	'std::chrono::time_point<_Clock,common_type<std::chrono::duration<_Rep,_Period>,_Duration>::type> std::chrono::operator +(const std::chrono::duration<_Rep,_Period> &,const std::chrono::time_point<_Clock,_Duration> &) noexcept(<expr>)': could not deduce template argument for 'const std::chrono::duration<_Rep,_Period> &' from 'std::chrono::steady_clock::time_point'
  
C:\Users\domma\OneDrive - The Pennsylvania State University\Documents\Classes\AERSP 424\Note 3_12\participation_3_12.cpp(27,17): error C3536: 'delay': cannot be used before it is initialized
C:\Users\domma\OneDrive - The Pennsylvania State University\Documents\Classes\AERSP 424\Note 3_12\participation_3_12.cpp(27,10): error C2678: binary '<': no operator found which takes a left-hand operand of type '_To' (or there is no acceptable conversion)
C:\Users\domma\OneDrive - The Pennsylvania State University\Documents\Classes\AERSP 424\Note 3_12\participation_3_12.cpp(27,10): error C2678:         with
C:\Users\domma\OneDrive - The Pennsylvania State University\Documents\Classes\AERSP 424\Note 3_12\participation_3_12.cpp(27,10): error C2678:         [
C:\Users\domma\OneDrive - The Pennsylvania State University\Documents\Classes\AERSP 424\Note 3_12\participation_3_12.cpp(27,10): error C2678:             _To=std::chrono::seconds
C:\Users\domma\OneDrive - The Pennsylvania State University\Documents\Classes\AERSP 424\Note 3_12\participation_3_12.cpp(27,10): error C2678:         ]
  C:\Program Files\Microsoft Visual Studio\2022\Community\VC\Tools\MSVC\14.38.33130\include\system_error(233,28):
  could be 'bool std::operator <(const std::error_code &,const std::error_code &) noexcept' [found using argument-dependent lookup]
  C:\Program Files\Microsoft Visual Studio\2022\Community\VC\Tools\MSVC\14.38.33130\include\system_error(321,28):
  or       'bool std::operator <(const std::error_condition &,const std::error_condition &) noexcept' [found using argument-dependent lookup]
  C:\Program Files\Microsoft Visual Studio\2022\Community\VC\Tools\MSVC\14.38.33130\include\thread(265,24):
  or       'bool std::operator <(std::thread::id,std::thread::id) noexcept' [found using argument-dependent lookup]
  C:\Program Files\Microsoft Visual Studio\2022\Community\VC\Tools\MSVC\14.38.33130\include\utility(513,27):
  or       'bool std::operator <(const std::pair<_Ty1,_Ty2> &,const std::pair<_Uty1,_Uty2> &)'
  	C:\Users\domma\OneDrive - The Pennsylvania State University\Documents\Classes\AERSP 424\Note 3_12\participation_3_12.cpp(27,10):
  	'bool std::operator <(const std::pair<_Ty1,_Ty2> &,const std::pair<_Uty1,_Uty2> &)': could not deduce template argument for 'const std::pair<_Ty1,_Ty2> &' from '_To'
          with
          [
              _To=std::chrono::seconds
          ]
  C:\Program Files\Microsoft Visual Studio\2022\Community\VC\Tools\MSVC\14.38.33130\include\xutility(1706,5):
  or       'bool std::operator <(const std::reverse_iterator<_BidIt> &,const std::reverse_iterator<_BidIt2> &) noexcept(<expr>)'
  	C:\Users\domma\OneDrive - The Pennsylvania State University\Documents\Classes\AERSP 424\Note 3_12\participation_3_12.cpp(27,10):
  	'bool std::operator <(const std::reverse_iterator<_BidIt> &,const std::reverse_iterator<_BidIt2> &) noexcept(<expr>)': could not deduce template argument for 'const std::reverse_iterator<_BidIt> &' from '_To'
          with
          [
              _To=std::chrono::seconds
          ]
  C:\Program Files\Microsoft Visual Studio\2022\Community\VC\Tools\MSVC\14.38.33130\include\xutility(4274,5):
  or       'bool std::operator <(const std::move_iterator<_Iter> &,const std::move_iterator<_Iter2> &) noexcept(<expr>)'
  	C:\Users\domma\OneDrive - The Pennsylvania State University\Documents\Classes\AERSP 424\Note 3_12\participation_3_12.cpp(27,10):
  	'bool std::operator <(const std::move_iterator<_Iter> &,const std::move_iterator<_Iter2> &) noexcept(<expr>)': could not deduce template argument for 'const std::move_iterator<_Iter> &' from '_To'
          with
          [
              _To=std::chrono::seconds
          ]
  C:\Program Files\Microsoft Visual Studio\2022\Community\VC\Tools\MSVC\14.38.33130\include\xstring(5063,17):
  or       'bool std::operator <(const std::basic_string<_Elem,_Traits,_Alloc> &,const std::basic_string<_Elem,_Traits,_Alloc> &) noexcept'
  	C:\Users\domma\OneDrive - The Pennsylvania State University\Documents\Classes\AERSP 424\Note 3_12\participation_3_12.cpp(27,10):
  	'bool std::operator <(const std::basic_string<_Elem,_Traits,_Alloc> &,const std::basic_string<_Elem,_Traits,_Alloc> &) noexcept': could not deduce template argument for 'const std::basic_string<_Elem,_Traits,_Alloc> &' from '_To'
          with
          [
              _To=std::chrono::seconds
          ]
  C:\Program Files\Microsoft Visual Studio\2022\Community\VC\Tools\MSVC\14.38.33130\include\xstring(5069,17):
  or       'bool std::operator <(const _Elem *const ,const std::basic_string<_Elem,_Traits,_Alloc> &)'
  	C:\Users\domma\OneDrive - The Pennsylvania State University\Documents\Classes\AERSP 424\Note 3_12\participation_3_12.cpp(27,10):
  	'bool std::operator <(const _Elem *const ,const std::basic_string<_Elem,_Traits,_Alloc> &)': could not deduce template argument for 'const _Elem *const ' from '_To'
          with
          [
              _To=std::chrono::seconds
          ]
  C:\Program Files\Microsoft Visual Studio\2022\Community\VC\Tools\MSVC\14.38.33130\include\xstring(5074,17):
  or       'bool std::operator <(const std::basic_string<_Elem,_Traits,_Alloc> &,const _Elem *const )'
  	C:\Users\domma\OneDrive - The Pennsylvania State University\Documents\Classes\AERSP 424\Note 3_12\participation_3_12.cpp(27,10):
  	'bool std::operator <(const std::basic_string<_Elem,_Traits,_Alloc> &,const _Elem *const )': could not deduce template argument for 'const std::basic_string<_Elem,_Traits,_Alloc> &' from '_To'
          with
          [
              _To=std::chrono::seconds
          ]
  C:\Program Files\Microsoft Visual Studio\2022\Community\VC\Tools\MSVC\14.38.33130\include\memory(1890,17):
  or       'bool std::operator <(const std::shared_ptr<_Ty> &,const std::shared_ptr<_Ty0> &) noexcept'
  	C:\Users\domma\OneDrive - The Pennsylvania State University\Documents\Classes\AERSP 424\Note 3_12\participation_3_12.cpp(27,10):
  	'bool std::operator <(const std::shared_ptr<_Ty> &,const std::shared_ptr<_Ty0> &) noexcept': could not deduce template argument for 'const std::shared_ptr<_Ty> &' from '_To'
          with
          [
              _To=std::chrono::seconds
          ]
  C:\Program Files\Microsoft Visual Studio\2022\Community\VC\Tools\MSVC\14.38.33130\include\memory(1937,17):
  or       'bool std::operator <(const std::shared_ptr<_Ty> &,std::nullptr_t) noexcept'
  	C:\Users\domma\OneDrive - The Pennsylvania State University\Documents\Classes\AERSP 424\Note 3_12\participation_3_12.cpp(27,10):
  	'bool std::operator <(const std::shared_ptr<_Ty> &,std::nullptr_t) noexcept': could not deduce template argument for 'const std::shared_ptr<_Ty> &' from '_To'
          with
          [
              _To=std::chrono::seconds
          ]
  C:\Program Files\Microsoft Visual Studio\2022\Community\VC\Tools\MSVC\14.38.33130\include\memory(1942,17):
  or       'bool std::operator <(std::nullptr_t,const std::shared_ptr<_Ty> &) noexcept'
  	C:\Users\domma\OneDrive - The Pennsylvania State University\Documents\Classes\AERSP 424\Note 3_12\participation_3_12.cpp(27,10):
  	'bool std::operator <(std::nullptr_t,const std::shared_ptr<_Ty> &) noexcept': could not deduce template argument for 'const std::shared_ptr<_Ty> &' from 'int'
  C:\Program Files\Microsoft Visual Studio\2022\Community\VC\Tools\MSVC\14.38.33130\include\memory(3513,17):
  or       'bool std::operator <(const std::unique_ptr<_Ty,_Dx> &,const std::unique_ptr<_Ty2,_Dx2> &)'
  	C:\Users\domma\OneDrive - The Pennsylvania State University\Documents\Classes\AERSP 424\Note 3_12\participation_3_12.cpp(27,10):
  	'bool std::operator <(const std::unique_ptr<_Ty,_Dx> &,const std::unique_ptr<_Ty2,_Dx2> &)': could not deduce template argument for 'const std::unique_ptr<_Ty,_Dx> &' from '_To'
          with
          [
              _To=std::chrono::seconds
          ]
  C:\Program Files\Microsoft Visual Studio\2022\Community\VC\Tools\MSVC\14.38.33130\include\memory(3571,30):
  or       'bool std::operator <(const std::unique_ptr<_Ty,_Dx> &,std::nullptr_t)'
  	C:\Users\domma\OneDrive - The Pennsylvania State University\Documents\Classes\AERSP 424\Note 3_12\participation_3_12.cpp(27,10):
  	'bool std::operator <(const std::unique_ptr<_Ty,_Dx> &,std::nullptr_t)': could not deduce template argument for 'const std::unique_ptr<_Ty,_Dx> &' from '_To'
          with
          [
              _To=std::chrono::seconds
          ]
  C:\Program Files\Microsoft Visual Studio\2022\Community\VC\Tools\MSVC\14.38.33130\include\memory(3577,30):
  or       'bool std::operator <(std::nullptr_t,const std::unique_ptr<_Ty,_Dx> &)'
  	C:\Users\domma\OneDrive - The Pennsylvania State University\Documents\Classes\AERSP 424\Note 3_12\participation_3_12.cpp(27,10):
  	'bool std::operator <(std::nullptr_t,const std::unique_ptr<_Ty,_Dx> &)': could not deduce template argument for 'const std::unique_ptr<_Ty,_Dx> &' from 'int'
  C:\Program Files\Microsoft Visual Studio\2022\Community\VC\Tools\MSVC\14.38.33130\include\__msvc_chrono.hpp(381,9):
  or       'bool std::chrono::operator <(const std::chrono::duration<_Rep,_Period> &,const std::chrono::duration<_Rep2,_Period2> &) noexcept(<expr>)'
  	C:\Users\domma\OneDrive - The Pennsylvania State University\Documents\Classes\AERSP 424\Note 3_12\participation_3_12.cpp(27,10):
  	'bool std::chrono::operator <(const std::chrono::duration<_Rep,_Period> &,const std::chrono::duration<_Rep2,_Period2> &) noexcept(<expr>)': could not deduce template argument for 'const std::chrono::duration<_Rep2,_Period2> &' from 'int'
  C:\Program Files\Microsoft Visual Studio\2022\Community\VC\Tools\MSVC\14.38.33130\include\__msvc_chrono.hpp(570,9):
  or       'bool std::chrono::operator <(const std::chrono::time_point<_Clock,_Duration> &,const std::chrono::time_point<_Clock,_Duration2> &) noexcept(<expr>)'
  	C:\Users\domma\OneDrive - The Pennsylvania State University\Documents\Classes\AERSP 424\Note 3_12\participation_3_12.cpp(27,10):
  	'bool std::chrono::operator <(const std::chrono::time_point<_Clock,_Duration> &,const std::chrono::time_point<_Clock,_Duration2> &) noexcept(<expr>)': could not deduce template argument for 'const std::chrono::time_point<_Clock,_Duration> &' from '_To'
          with
          [
              _To=std::chrono::seconds
          ]
  C:\Program Files\Microsoft Visual Studio\2022\Community\VC\Tools\MSVC\14.38.33130\include\tuple(893,27):
  or       'bool std::operator <(const std::tuple<_Types...> &,const std::tuple<_Types...> &)'
  	C:\Users\domma\OneDrive - The Pennsylvania State University\Documents\Classes\AERSP 424\Note 3_12\participation_3_12.cpp(27,10):
  	'bool std::operator <(const std::tuple<_Types...> &,const std::tuple<_Types...> &)': could not deduce template argument for 'const std::tuple<_Types...> &' from '_To'
          with
          [
              _To=std::chrono::seconds
          ]
  C:\Users\domma\OneDrive - The Pennsylvania State University\Documents\Classes\AERSP 424\Note 3_12\participation_3_12.cpp(27,10):
  while trying to match the argument list '(_To, int)'
          with
          [
              _To=std::chrono::seconds
          ]
  
